{"/Users/antoniogonzalez/Documents/repo/claim-management/claim-management-backend/src/services/claim.service.ts": {"path":"/Users/antoniogonzalez/Documents/repo/claim-management/claim-management-backend/src/services/claim.service.ts","statementMap":{"0":{"start":{"line":8,"column":0},"end":{"line":8,"column":16}},"1":{"start":{"line":12,"column":2},"end":{"line":35,"column":4}},"2":{"start":{"line":14,"column":6},"end":{"line":14,"column":36}},"3":{"start":{"line":17,"column":6},"end":{"line":17,"column":42}},"4":{"start":{"line":20,"column":6},"end":{"line":20,"column":42}},"5":{"start":{"line":23,"column":6},"end":{"line":23,"column":50}},"6":{"start":{"line":26,"column":20},"end":{"line":26,"column":56}},"7":{"start":{"line":28,"column":6},"end":{"line":30,"column":7}},"8":{"start":{"line":29,"column":8},"end":{"line":29,"column":20}},"9":{"start":{"line":32,"column":6},"end":{"line":32,"column":49}},"10":{"start":{"line":33,"column":6},"end":{"line":33,"column":19}}},"fnMap":{"0":{"name":"createClaimService","decl":{"start":{"line":8,"column":16},"end":{"line":8,"column":34}},"loc":{"start":{"line":10,"column":36},"end":{"line":36,"column":1}}},"1":{"name":"(anonymous_1)","decl":{"start":{"line":13,"column":4},"end":{"line":13,"column":14}},"loc":{"start":{"line":13,"column":14},"end":{"line":15,"column":5}}},"2":{"name":"(anonymous_2)","decl":{"start":{"line":16,"column":4},"end":{"line":16,"column":16}},"loc":{"start":{"line":16,"column":27},"end":{"line":18,"column":5}}},"3":{"name":"(anonymous_3)","decl":{"start":{"line":19,"column":4},"end":{"line":19,"column":15}},"loc":{"start":{"line":19,"column":38},"end":{"line":21,"column":5}}},"4":{"name":"(anonymous_4)","decl":{"start":{"line":22,"column":4},"end":{"line":22,"column":15}},"loc":{"start":{"line":22,"column":50},"end":{"line":24,"column":5}}},"5":{"name":"(anonymous_5)","decl":{"start":{"line":25,"column":4},"end":{"line":25,"column":9}},"loc":{"start":{"line":25,"column":32},"end":{"line":34,"column":5}}}},"branchMap":{"0":{"loc":{"start":{"line":28,"column":6},"end":{"line":30,"column":7}},"type":"if","locations":[{"start":{"line":28,"column":6},"end":{"line":30,"column":7}},{"start":{},"end":{}}]}},"s":{"0":1,"1":6,"2":1,"3":1,"4":1,"5":1,"6":2,"7":2,"8":1,"9":1,"10":1},"f":{"0":6,"1":1,"2":1,"3":1,"4":1,"5":2},"b":{"0":[1,1]}}
,"/Users/antoniogonzalez/Documents/repo/claim-management/claim-management-backend/src/services/damage.service.ts": {"path":"/Users/antoniogonzalez/Documents/repo/claim-management/claim-management-backend/src/services/damage.service.ts","statementMap":{"0":{"start":{"line":8,"column":0},"end":{"line":8,"column":16}},"1":{"start":{"line":13,"column":24},"end":{"line":13,"column":74}},"2":{"start":{"line":14,"column":4},"end":{"line":14,"column":66}},"3":{"start":{"line":17,"column":2},"end":{"line":56,"column":4}},"4":{"start":{"line":19,"column":6},"end":{"line":19,"column":47}},"5":{"start":{"line":22,"column":6},"end":{"line":22,"column":53}},"6":{"start":{"line":25,"column":6},"end":{"line":25,"column":68}},"7":{"start":{"line":28,"column":21},"end":{"line":28,"column":73}},"8":{"start":{"line":29,"column":6},"end":{"line":29,"column":42}},"9":{"start":{"line":30,"column":6},"end":{"line":30,"column":20}},"10":{"start":{"line":33,"column":21},"end":{"line":36,"column":null}},"11":{"start":{"line":39,"column":6},"end":{"line":41,"column":7}},"12":{"start":{"line":40,"column":8},"end":{"line":40,"column":20}},"13":{"start":{"line":43,"column":6},"end":{"line":43,"column":42}},"14":{"start":{"line":44,"column":6},"end":{"line":44,"column":20}},"15":{"start":{"line":47,"column":21},"end":{"line":47,"column":83}},"16":{"start":{"line":49,"column":6},"end":{"line":51,"column":7}},"17":{"start":{"line":50,"column":8},"end":{"line":50,"column":20}},"18":{"start":{"line":53,"column":6},"end":{"line":53,"column":42}},"19":{"start":{"line":54,"column":6},"end":{"line":54,"column":20}}},"fnMap":{"0":{"name":"createDamageService","decl":{"start":{"line":8,"column":16},"end":{"line":8,"column":35}},"loc":{"start":{"line":10,"column":36},"end":{"line":57,"column":1}}},"1":{"name":"syncClaimTotalAmount","decl":{"start":{"line":12,"column":17},"end":{"line":12,"column":37}},"loc":{"start":{"line":12,"column":53},"end":{"line":15,"column":3}}},"2":{"name":"(anonymous_2)","decl":{"start":{"line":18,"column":4},"end":{"line":18,"column":16}},"loc":{"start":{"line":18,"column":32},"end":{"line":20,"column":5}}},"3":{"name":"(anonymous_3)","decl":{"start":{"line":21,"column":4},"end":{"line":21,"column":24}},"loc":{"start":{"line":21,"column":40},"end":{"line":23,"column":5}}},"4":{"name":"(anonymous_4)","decl":{"start":{"line":24,"column":4},"end":{"line":24,"column":17}},"loc":{"start":{"line":24,"column":51},"end":{"line":26,"column":5}}},"5":{"name":"(anonymous_5)","decl":{"start":{"line":27,"column":4},"end":{"line":27,"column":9}},"loc":{"start":{"line":27,"column":63},"end":{"line":31,"column":5}}},"6":{"name":"(anonymous_6)","decl":{"start":{"line":32,"column":4},"end":{"line":32,"column":9}},"loc":{"start":{"line":32,"column":81},"end":{"line":45,"column":5}}},"7":{"name":"(anonymous_7)","decl":{"start":{"line":46,"column":4},"end":{"line":46,"column":9}},"loc":{"start":{"line":46,"column":56},"end":{"line":55,"column":5}}}},"branchMap":{"0":{"loc":{"start":{"line":39,"column":6},"end":{"line":41,"column":7}},"type":"if","locations":[{"start":{"line":39,"column":6},"end":{"line":41,"column":7}},{"start":{},"end":{}}]},"1":{"loc":{"start":{"line":49,"column":6},"end":{"line":51,"column":7}},"type":"if","locations":[{"start":{"line":49,"column":6},"end":{"line":51,"column":7}},{"start":{},"end":{}}]}},"s":{"0":1,"1":3,"2":3,"3":8,"4":1,"5":1,"6":1,"7":1,"8":1,"9":1,"10":2,"11":2,"12":1,"13":1,"14":1,"15":2,"16":2,"17":1,"18":1,"19":1},"f":{"0":8,"1":3,"2":1,"3":1,"4":1,"5":1,"6":2,"7":2},"b":{"0":[1,1],"1":[1,1]}}
}
