TN:
SF:src/services/claim.service.ts
FN:8,createClaimService
FN:13,(anonymous_1)
FN:16,(anonymous_2)
FN:19,(anonymous_3)
FN:22,(anonymous_4)
FN:25,(anonymous_5)
FNF:6
FNH:6
FNDA:6,createClaimService
FNDA:1,(anonymous_1)
FNDA:1,(anonymous_2)
FNDA:1,(anonymous_3)
FNDA:1,(anonymous_4)
FNDA:2,(anonymous_5)
DA:8,1
DA:12,6
DA:14,1
DA:17,1
DA:20,1
DA:23,1
DA:26,2
DA:28,2
DA:29,1
DA:32,1
DA:33,1
LF:11
LH:11
BRDA:28,0,0,1
BRDA:28,0,1,1
BRF:2
BRH:2
end_of_record
TN:
SF:src/services/damage.service.ts
FN:8,createDamageService
FN:12,syncClaimTotalAmount
FN:18,(anonymous_2)
FN:21,(anonymous_3)
FN:24,(anonymous_4)
FN:27,(anonymous_5)
FN:32,(anonymous_6)
FN:46,(anonymous_7)
FNF:8
FNH:8
FNDA:8,createDamageService
FNDA:3,syncClaimTotalAmount
FNDA:1,(anonymous_2)
FNDA:1,(anonymous_3)
FNDA:1,(anonymous_4)
FNDA:1,(anonymous_5)
FNDA:2,(anonymous_6)
FNDA:2,(anonymous_7)
DA:8,1
DA:13,3
DA:14,3
DA:17,8
DA:19,1
DA:22,1
DA:25,1
DA:28,1
DA:29,1
DA:30,1
DA:33,2
DA:39,2
DA:40,1
DA:43,1
DA:44,1
DA:47,2
DA:49,2
DA:50,1
DA:53,1
DA:54,1
LF:20
LH:20
BRDA:39,0,0,1
BRDA:39,0,1,1
BRDA:49,1,0,1
BRDA:49,1,1,1
BRF:4
BRH:4
end_of_record
